2019-05-12 01:11:33.616 INFO  (main) [   ] o.e.j.u.log Logging initialized @1190ms to org.eclipse.jetty.util.log.Slf4jLog
2019-05-12 01:11:33.825 WARN  (main) [   ] o.e.j.s.AbstractConnector Ignoring deprecated socket close linger time
2019-05-12 01:11:33.834 INFO  (main) [   ] o.e.j.s.Server jetty-9.4.14.v20181114; built: 2018-11-14T21:20:31.478Z; git: c4550056e785fb5665914545889f21dc136ad9e6; jvm 11.0.3+1-Debian-1bpo91
2019-05-12 01:11:33.867 INFO  (main) [   ] o.e.j.d.p.ScanningAppProvider Deployment monitor [file:///opt/solr-8.0.0/server/contexts/] at interval 0
2019-05-12 01:11:34.174 INFO  (main) [   ] o.e.j.w.StandardDescriptorProcessor NO JSP Support for /solr, did not find org.apache.jasper.servlet.JspServlet
2019-05-12 01:11:34.182 INFO  (main) [   ] o.e.j.s.session DefaultSessionIdManager workerName=node0
2019-05-12 01:11:34.183 INFO  (main) [   ] o.e.j.s.session No SessionScavenger set, using defaults
2019-05-12 01:11:34.184 INFO  (main) [   ] o.e.j.s.session node0 Scavenging every 600000ms
2019-05-12 01:11:34.229 INFO  (main) [   ] o.a.s.u.c.SSLCredentialProviderFactory Processing SSL Credential Provider chain: env;sysprop
2019-05-12 01:11:34.257 INFO  (main) [   ] o.a.s.s.SolrDispatchFilter Using logger factory org.apache.logging.slf4j.Log4jLoggerFactory
2019-05-12 01:11:34.262 INFO  (main) [   ] o.a.s.s.SolrDispatchFilter  ___      _       Welcome to Apache Solr™ version 8.0.0
2019-05-12 01:11:34.262 INFO  (main) [   ] o.a.s.s.SolrDispatchFilter / __| ___| |_ _   Starting in standalone mode on port 8983
2019-05-12 01:11:34.262 INFO  (main) [   ] o.a.s.s.SolrDispatchFilter \__ \/ _ \ | '_|  Install dir: /opt/solr
2019-05-12 01:11:34.263 INFO  (main) [   ] o.a.s.s.SolrDispatchFilter |___/\___/_|_|    Start time: 2019-05-12T01:11:34.263407Z
2019-05-12 01:11:34.305 INFO  (main) [   ] o.a.s.c.SolrResourceLoader Using system property solr.solr.home: /var/solr/data
2019-05-12 01:11:34.313 INFO  (main) [   ] o.a.s.c.SolrXmlConfig Loading container configuration from /var/solr/data/solr.xml
2019-05-12 01:11:34.374 INFO  (main) [   ] o.a.s.c.SolrXmlConfig MBean server found: com.sun.jmx.mbeanserver.JmxMBeanServer@6392827e, but no JMX reporters were configured - adding default JMX reporter.
2019-05-12 01:11:34.899 INFO  (main) [   ] o.a.s.h.c.HttpShardHandlerFactory Host whitelist initialized: WhitelistHostChecker [whitelistHosts=null, whitelistHostCheckingEnabled=true]
2019-05-12 01:11:35.268 WARN  (main) [   ] o.e.j.u.s.S.config No Client EndPointIdentificationAlgorithm configured for SslContextFactory@6f099cef[provider=null,keyStore=null,trustStore=null]
2019-05-12 01:11:35.464 WARN  (main) [   ] o.e.j.u.s.S.config No Client EndPointIdentificationAlgorithm configured for SslContextFactory@4390f46e[provider=null,keyStore=null,trustStore=null]
2019-05-12 01:11:35.769 INFO  (main) [   ] o.a.s.c.TransientSolrCoreCacheDefault Allocating transient cache for 2147483647 transient cores
2019-05-12 01:11:35.771 INFO  (main) [   ] o.a.s.h.a.MetricsHistoryHandler No .system collection, keeping metrics history in memory.
2019-05-12 01:11:35.995 INFO  (main) [   ] o.a.s.m.r.SolrJmxReporter JMX monitoring for 'solr.node' (registry 'solr.node') enabled at server: com.sun.jmx.mbeanserver.JmxMBeanServer@6392827e
2019-05-12 01:11:35.995 INFO  (main) [   ] o.a.s.m.r.SolrJmxReporter JMX monitoring for 'solr.jvm' (registry 'solr.jvm') enabled at server: com.sun.jmx.mbeanserver.JmxMBeanServer@6392827e
2019-05-12 01:11:36.009 INFO  (main) [   ] o.a.s.m.r.SolrJmxReporter JMX monitoring for 'solr.jetty' (registry 'solr.jetty') enabled at server: com.sun.jmx.mbeanserver.JmxMBeanServer@6392827e
2019-05-12 01:11:36.062 INFO  (main) [   ] o.a.s.c.CorePropertiesLocator Found 1 core definitions underneath /var/solr/data
2019-05-12 01:11:36.063 INFO  (main) [   ] o.a.s.c.CorePropertiesLocator Cores are: [Blog]
2019-05-12 01:11:36.168 INFO  (main) [   ] o.e.j.s.h.ContextHandler Started o.e.j.w.WebAppContext@522a32b1{/solr,file:///opt/solr-8.0.0/server/solr-webapp/webapp/,AVAILABLE}{/opt/solr-8.0.0/server/solr-webapp/webapp}
2019-05-12 01:11:36.191 INFO  (main) [   ] o.e.j.s.AbstractConnector Started ServerConnector@41522537{HTTP/1.1,[http/1.1, h2c]}{0.0.0.0:8983}
2019-05-12 01:11:36.191 INFO  (main) [   ] o.e.j.s.Server Started @3768ms
2019-05-12 01:11:36.219 INFO  (coreLoadExecutor-9-thread-1) [   x:Blog] o.a.s.c.SolrConfig Using Lucene MatchVersion: 4.0.0
2019-05-12 01:11:36.371 WARN  (coreLoadExecutor-9-thread-1) [   x:Blog] o.a.s.s.ManagedIndexSchemaFactory The schema has been upgraded to managed, but the non-managed schema schema.xml is still loadable.  PLEASE REMOVE THIS FILE.
2019-05-12 01:11:36.391 INFO  (coreLoadExecutor-9-thread-1) [   x:Blog] o.a.s.s.IndexSchema [Blog] Schema name=blog
2019-05-12 01:11:36.438 WARN  (coreLoadExecutor-9-thread-1) [   x:Blog] o.a.s.c.SolrResourceLoader Solr loaded a deprecated plugin/analysis class [solr.TrieLongField]. Please consult documentation how to replace it accordingly.
2019-05-12 01:11:36.452 WARN  (coreLoadExecutor-9-thread-1) [   x:Blog] o.a.s.s.FieldTypePluginLoader TokenizerFactory is using deprecated 4.0.0 emulation. You should at some point declare and reindex to at least 7.0, because 6.x emulation is deprecated and will be removed in 8.0
2019-05-12 01:11:36.463 WARN  (coreLoadExecutor-9-thread-1) [   x:Blog] o.a.s.s.FieldTypePluginLoader TokenFilterFactory is using deprecated 4.0.0 emulation. You should at some point declare and reindex to at least 7.0, because 6.x emulation is deprecated and will be removed in 8.0
2019-05-12 01:11:36.487 WARN  (coreLoadExecutor-9-thread-1) [   x:Blog] o.a.s.c.SolrResourceLoader Solr loaded a deprecated plugin/analysis class [solr.SynonymFilterFactory]. Please consult documentation how to replace it accordingly.
2019-05-12 01:11:36.489 WARN  (coreLoadExecutor-9-thread-1) [   x:Blog] o.a.s.s.FieldTypePluginLoader TokenFilterFactory is using deprecated 4.0.0 emulation. You should at some point declare and reindex to at least 7.0, because 6.x emulation is deprecated and will be removed in 8.0
2019-05-12 01:11:36.499 WARN  (coreLoadExecutor-9-thread-1) [   x:Blog] o.a.s.s.FieldTypePluginLoader TokenFilterFactory is using deprecated 4.0.0 emulation. You should at some point declare and reindex to at least 7.0, because 6.x emulation is deprecated and will be removed in 8.0
2019-05-12 01:11:36.499 WARN  (coreLoadExecutor-9-thread-1) [   x:Blog] o.a.s.c.SolrResourceLoader Solr loaded a deprecated plugin/analysis class [solr.WordDelimiterFilterFactory]. Please consult documentation how to replace it accordingly.
2019-05-12 01:11:36.501 WARN  (coreLoadExecutor-9-thread-1) [   x:Blog] o.a.s.s.FieldTypePluginLoader TokenFilterFactory is using deprecated 4.0.0 emulation. You should at some point declare and reindex to at least 7.0, because 6.x emulation is deprecated and will be removed in 8.0
2019-05-12 01:11:36.502 WARN  (coreLoadExecutor-9-thread-1) [   x:Blog] o.a.s.s.FieldTypePluginLoader TokenFilterFactory is using deprecated 4.0.0 emulation. You should at some point declare and reindex to at least 7.0, because 6.x emulation is deprecated and will be removed in 8.0
2019-05-12 01:11:36.504 WARN  (coreLoadExecutor-9-thread-1) [   x:Blog] o.a.s.s.FieldTypePluginLoader TokenFilterFactory is using deprecated 4.0.0 emulation. You should at some point declare and reindex to at least 7.0, because 6.x emulation is deprecated and will be removed in 8.0
2019-05-12 01:11:36.505 WARN  (coreLoadExecutor-9-thread-1) [   x:Blog] o.a.s.s.FieldTypePluginLoader TokenFilterFactory is using deprecated 4.0.0 emulation. You should at some point declare and reindex to at least 7.0, because 6.x emulation is deprecated and will be removed in 8.0
2019-05-12 01:11:36.509 WARN  (coreLoadExecutor-9-thread-1) [   x:Blog] o.a.s.s.FieldTypePluginLoader TokenizerFactory is using deprecated 4.0.0 emulation. You should at some point declare and reindex to at least 7.0, because 6.x emulation is deprecated and will be removed in 8.0
2019-05-12 01:11:36.510 WARN  (coreLoadExecutor-9-thread-1) [   x:Blog] o.a.s.s.FieldTypePluginLoader TokenFilterFactory is using deprecated 4.0.0 emulation. You should at some point declare and reindex to at least 7.0, because 6.x emulation is deprecated and will be removed in 8.0
2019-05-12 01:11:36.510 WARN  (coreLoadExecutor-9-thread-1) [   x:Blog] o.a.s.s.FieldTypePluginLoader TokenFilterFactory is using deprecated 4.0.0 emulation. You should at some point declare and reindex to at least 7.0, because 6.x emulation is deprecated and will be removed in 8.0
2019-05-12 01:11:36.511 WARN  (coreLoadExecutor-9-thread-1) [   x:Blog] o.a.s.s.FieldTypePluginLoader TokenFilterFactory is using deprecated 4.0.0 emulation. You should at some point declare and reindex to at least 7.0, because 6.x emulation is deprecated and will be removed in 8.0
2019-05-12 01:11:36.511 WARN  (coreLoadExecutor-9-thread-1) [   x:Blog] o.a.s.s.FieldTypePluginLoader TokenFilterFactory is using deprecated 4.0.0 emulation. You should at some point declare and reindex to at least 7.0, because 6.x emulation is deprecated and will be removed in 8.0
2019-05-12 01:11:36.512 WARN  (coreLoadExecutor-9-thread-1) [   x:Blog] o.a.s.s.FieldTypePluginLoader TokenFilterFactory is using deprecated 4.0.0 emulation. You should at some point declare and reindex to at least 7.0, because 6.x emulation is deprecated and will be removed in 8.0
2019-05-12 01:11:36.512 WARN  (coreLoadExecutor-9-thread-1) [   x:Blog] o.a.s.s.FieldTypePluginLoader TokenFilterFactory is using deprecated 4.0.0 emulation. You should at some point declare and reindex to at least 7.0, because 6.x emulation is deprecated and will be removed in 8.0
2019-05-12 01:11:36.561 INFO  (coreLoadExecutor-9-thread-1) [   x:Blog] o.a.s.s.IndexSchema Loaded schema blog/1.5 with uniqueid field id
2019-05-12 01:11:36.563 INFO  (coreLoadExecutor-9-thread-1) [   x:Blog] o.a.s.c.CoreContainer Creating SolrCore 'Blog' using configuration from instancedir /var/solr/data/blog, trusted=true
2019-05-12 01:11:36.594 INFO  (coreLoadExecutor-9-thread-1) [   x:Blog] o.a.s.m.r.SolrJmxReporter JMX monitoring for 'solr.core.Blog' (registry 'solr.core.Blog') enabled at server: com.sun.jmx.mbeanserver.JmxMBeanServer@6392827e
2019-05-12 01:11:36.613 INFO  (coreLoadExecutor-9-thread-1) [   x:Blog] o.a.s.c.SolrCore [[Blog] ] Opening new SolrCore at [/var/solr/data/blog], dataDir=[/var/solr/data/blog/data/]
2019-05-12 01:11:36.717 INFO  (coreLoadExecutor-9-thread-1) [   x:Blog] o.a.s.r.XSLTResponseWriter xsltCacheLifetimeSeconds=5
2019-05-12 01:11:37.057 INFO  (coreLoadExecutor-9-thread-1) [   x:Blog] o.a.s.u.UpdateHandler Using UpdateLog implementation: org.apache.solr.update.UpdateLog
2019-05-12 01:11:37.058 INFO  (coreLoadExecutor-9-thread-1) [   x:Blog] o.a.s.u.UpdateLog Initializing UpdateLog: dataDir= defaultSyncLevel=FLUSH numRecordsToKeep=100 maxNumLogsToKeep=10 numVersionBuckets=65536
2019-05-12 01:11:37.094 INFO  (coreLoadExecutor-9-thread-1) [   x:Blog] o.a.s.u.CommitTracker Hard AutoCommit: if uncommitted for 15000ms; 
2019-05-12 01:11:37.094 INFO  (coreLoadExecutor-9-thread-1) [   x:Blog] o.a.s.u.CommitTracker Soft AutoCommit: disabled
2019-05-12 01:11:37.221 INFO  (coreLoadExecutor-9-thread-1) [   x:Blog] o.a.s.s.SolrIndexSearcher Opening [Searcher@49cc1e27[Blog] main]
2019-05-12 01:11:37.232 INFO  (coreLoadExecutor-9-thread-1) [   x:Blog] o.a.s.r.ManagedResourceStorage File-based storage initialized to use dir: /var/solr/data/blog/conf
2019-05-12 01:11:37.269 INFO  (coreLoadExecutor-9-thread-1) [   x:Blog] o.a.s.h.c.SpellCheckComponent Initializing spell checkers
2019-05-12 01:11:37.273 INFO  (coreLoadExecutor-9-thread-1) [   x:Blog] o.a.s.s.s.Suggester init: {name=suggest,classname=org.apache.solr.spelling.suggest.Suggester,lookupImpl=org.apache.solr.spelling.suggest.tst.TSTLookup,field=tags,threshold=0.005,buildOnCommit=true}
2019-05-12 01:11:37.281 INFO  (coreLoadExecutor-9-thread-1) [   x:Blog] o.a.s.h.c.SpellCheckComponent Registering newSearcher listener for spellchecker: suggest
2019-05-12 01:11:37.292 INFO  (coreLoadExecutor-9-thread-1) [   x:Blog] o.a.s.h.ReplicationHandler Commits will be reserved for 10000ms.
2019-05-12 01:11:37.324 INFO  (searcherExecutor-10-thread-1-processing-x:Blog) [   x:Blog] o.a.s.c.QuerySenderListener QuerySenderListener sending requests to Searcher@49cc1e27[Blog] main{ExitableDirectoryReader(UninvertingDirectoryReader(Uninverting(_2(8.0.0):C1:[diagnostics={java.runtime.version=11.0.3+1-Debian-1bpo91, java.vendor=Oracle Corporation, java.version=11.0.3, java.vm.version=11.0.3+1-Debian-1bpo91, lucene.version=8.0.0, os=Linux, os.arch=amd64, os.version=4.15.0-48-generic, source=flush, timestamp=1557616539387}]:[attributes={Lucene50StoredFieldsFormat.mode=BEST_SPEED}]) Uninverting(_3(8.0.0):C1:[diagnostics={java.runtime.version=11.0.3+1-Debian-1bpo91, java.vendor=Oracle Corporation, java.version=11.0.3, java.vm.version=11.0.3+1-Debian-1bpo91, lucene.version=8.0.0, os=Linux, os.arch=amd64, os.version=4.15.0-48-generic, source=flush, timestamp=1557617834021}]:[attributes={Lucene50StoredFieldsFormat.mode=BEST_SPEED}]) Uninverting(_5(8.0.0):C1:[diagnostics={java.runtime.version=11.0.3+1-Debian-1bpo91, java.vendor=Oracle Corporation, java.version=11.0.3, java.vm.version=11.0.3+1-Debian-1bpo91, lucene.version=8.0.0, os=Linux, os.arch=amd64, os.version=4.15.0-48-generic, source=flush, timestamp=1557617846340}]:[attributes={Lucene50StoredFieldsFormat.mode=BEST_SPEED}]) Uninverting(_7(8.0.0):C1:[diagnostics={java.runtime.version=11.0.3+1-Debian-1bpo91, java.vendor=Oracle Corporation, java.version=11.0.3, java.vm.version=11.0.3+1-Debian-1bpo91, lucene.version=8.0.0, os=Linux, os.arch=amd64, os.version=4.15.0-48-generic, source=flush, timestamp=1557617857875}]:[attributes={Lucene50StoredFieldsFormat.mode=BEST_SPEED}]) Uninverting(_8(8.0.0):C1:[diagnostics={java.runtime.version=11.0.3+1-Debian-1bpo91, java.vendor=Oracle Corporation, java.version=11.0.3, java.vm.version=11.0.3+1-Debian-1bpo91, lucene.version=8.0.0, os=Linux, os.arch=amd64, os.version=4.15.0-48-generic, source=flush, timestamp=1557617864627}]:[attributes={Lucene50StoredFieldsFormat.mode=BEST_SPEED}])))}
2019-05-12 01:11:37.388 INFO  (searcherExecutor-10-thread-1-processing-x:Blog) [   x:Blog] o.a.s.c.S.Request [Blog]  webapp=null path=null params={q=static+firstSearcher+warming+in+solrconfig.xml&distrib=false&event=firstSearcher} hits=5 status=0 QTime=61
2019-05-12 01:11:37.396 INFO  (searcherExecutor-10-thread-1-processing-x:Blog) [   x:Blog] o.a.s.c.QuerySenderListener QuerySenderListener done.
2019-05-12 01:11:37.396 INFO  (searcherExecutor-10-thread-1-processing-x:Blog) [   x:Blog] o.a.s.h.c.SpellCheckComponent Loading spell index for spellchecker: suggest
2019-05-12 01:11:37.397 INFO  (searcherExecutor-10-thread-1-processing-x:Blog) [   x:Blog] o.a.s.s.s.Suggester reload()
2019-05-12 01:11:37.397 INFO  (searcherExecutor-10-thread-1-processing-x:Blog) [   x:Blog] o.a.s.s.s.Suggester build()
2019-05-12 01:11:37.410 INFO  (searcherExecutor-10-thread-1-processing-x:Blog) [   x:Blog] o.a.s.c.SolrCore [Blog] Registered new searcher Searcher@49cc1e27[Blog] main{ExitableDirectoryReader(UninvertingDirectoryReader(Uninverting(_2(8.0.0):C1:[diagnostics={java.runtime.version=11.0.3+1-Debian-1bpo91, java.vendor=Oracle Corporation, java.version=11.0.3, java.vm.version=11.0.3+1-Debian-1bpo91, lucene.version=8.0.0, os=Linux, os.arch=amd64, os.version=4.15.0-48-generic, source=flush, timestamp=1557616539387}]:[attributes={Lucene50StoredFieldsFormat.mode=BEST_SPEED}]) Uninverting(_3(8.0.0):C1:[diagnostics={java.runtime.version=11.0.3+1-Debian-1bpo91, java.vendor=Oracle Corporation, java.version=11.0.3, java.vm.version=11.0.3+1-Debian-1bpo91, lucene.version=8.0.0, os=Linux, os.arch=amd64, os.version=4.15.0-48-generic, source=flush, timestamp=1557617834021}]:[attributes={Lucene50StoredFieldsFormat.mode=BEST_SPEED}]) Uninverting(_5(8.0.0):C1:[diagnostics={java.runtime.version=11.0.3+1-Debian-1bpo91, java.vendor=Oracle Corporation, java.version=11.0.3, java.vm.version=11.0.3+1-Debian-1bpo91, lucene.version=8.0.0, os=Linux, os.arch=amd64, os.version=4.15.0-48-generic, source=flush, timestamp=1557617846340}]:[attributes={Lucene50StoredFieldsFormat.mode=BEST_SPEED}]) Uninverting(_7(8.0.0):C1:[diagnostics={java.runtime.version=11.0.3+1-Debian-1bpo91, java.vendor=Oracle Corporation, java.version=11.0.3, java.vm.version=11.0.3+1-Debian-1bpo91, lucene.version=8.0.0, os=Linux, os.arch=amd64, os.version=4.15.0-48-generic, source=flush, timestamp=1557617857875}]:[attributes={Lucene50StoredFieldsFormat.mode=BEST_SPEED}]) Uninverting(_8(8.0.0):C1:[diagnostics={java.runtime.version=11.0.3+1-Debian-1bpo91, java.vendor=Oracle Corporation, java.version=11.0.3, java.vm.version=11.0.3+1-Debian-1bpo91, lucene.version=8.0.0, os=Linux, os.arch=amd64, os.version=4.15.0-48-generic, source=flush, timestamp=1557617864627}]:[attributes={Lucene50StoredFieldsFormat.mode=BEST_SPEED}])))}
2019-05-12 01:12:26.349 INFO  (qtp1277933280-15) [   ] o.a.s.s.HttpSolrCall [admin] webapp=null path=/admin/cores params={indexInfo=false&wt=json&_=1557623545696} status=0 QTime=1
2019-05-12 01:12:26.483 INFO  (qtp1277933280-14) [   ] o.a.s.s.HttpSolrCall [admin] webapp=null path=/admin/info/system params={wt=json&_=1557623545697} status=0 QTime=127
2019-05-12 01:12:26.517 INFO  (qtp1277933280-21) [   ] o.a.s.s.HttpSolrCall [admin] webapp=null path=/admin/info/system params={wt=json&_=1557623545697} status=0 QTime=26
2019-05-12 01:12:28.206 INFO  (qtp1277933280-22) [   ] o.a.s.s.HttpSolrCall [admin] webapp=null path=/admin/cores params={indexInfo=false&wt=json&_=1557623545696} status=0 QTime=2
2019-05-12 01:12:28.231 INFO  (qtp1277933280-19) [   x:Blog] o.a.s.c.S.Request [Blog]  webapp=/solr path=/admin/luke params={numTerms=0&show=index&wt=json&_=1557623548189} status=0 QTime=16
2019-05-12 01:12:28.239 INFO  (qtp1277933280-17) [   x:Blog] o.a.s.c.S.Request [Blog]  webapp=/solr path=/admin/ping params={action=status&wt=json&_=1557623545697&ts=1557623545697} status=503 QTime=14
2019-05-12 01:12:28.243 INFO  (qtp1277933280-23) [   x:Blog] o.a.s.c.S.Request [Blog]  webapp=/solr path=/replication params={wt=json&command=details&_=1557623548191} status=0 QTime=23
2019-05-12 01:12:28.253 INFO  (qtp1277933280-21) [   ] o.a.s.s.HttpSolrCall [admin] webapp=null path=/admin/info/system params={wt=json&_=1557623545697} status=0 QTime=41
2019-05-12 01:12:28.258 INFO  (qtp1277933280-22) [   x:Blog] o.a.s.c.S.Request [Blog]  webapp=/solr path=/admin/system params={wt=json&_=1557623548190} status=0 QTime=27
2019-05-12 01:12:30.250 INFO  (qtp1277933280-18) [   ] o.a.s.s.HttpSolrCall [admin] webapp=null path=/admin/cores params={indexInfo=false&wt=json&_=1557623545696} status=0 QTime=0
2019-05-12 01:12:30.262 INFO  (qtp1277933280-18) [   ] o.a.s.s.HttpSolrCall [admin] webapp=null path=/admin/info/system params={wt=json&_=1557623545697} status=0 QTime=9
2019-05-12 01:12:31.431 INFO  (qtp1277933280-23) [   x:Blog] o.a.s.c.S.Request [Blog]  webapp=/solr path=/select params={q=*:*&_=1557623550209} hits=5 status=0 QTime=3
